JUnit version 4.13.2
.....E.E.E
Time: 0.005
There were 3 failures:
1) testMergeSparatelySorted(TestListExamples)
java.lang.AssertionError: expected:<[a, a, b, b, c]> but was:<[a, b, c]>
	at org.junit.Assert.fail(Assert.java:89)
	at org.junit.Assert.failNotEquals(Assert.java:835)
	at org.junit.Assert.assertEquals(Assert.java:120)
	at org.junit.Assert.assertEquals(Assert.java:146)
	at TestListExamples.testMergeSparatelySorted(TestListExamples.java:55)
2) testMergeSeparatelyUnsorted(TestListExamples)
java.lang.AssertionError: expected:<[a, a, b, b, c]> but was:<[b, a, c, b, a]>
	at org.junit.Assert.fail(Assert.java:89)
	at org.junit.Assert.failNotEquals(Assert.java:835)
	at org.junit.Assert.assertEquals(Assert.java:120)
	at org.junit.Assert.assertEquals(Assert.java:146)
	at TestListExamples.testMergeSeparatelyUnsorted(TestListExamples.java:73)
3) testMergeBothUnsorted(TestListExamples)
java.lang.AssertionError: expected:<[a, b, c, d, e]> but was:<[c, b, a, e, d]>
	at org.junit.Assert.fail(Assert.java:89)
	at org.junit.Assert.failNotEquals(Assert.java:835)
	at org.junit.Assert.assertEquals(Assert.java:120)
	at org.junit.Assert.assertEquals(Assert.java:146)
	at TestListExamples.testMergeBothUnsorted(TestListExamples.java:64)

FAILURES!!!
Tests run: 7,  Failures: 3

